
D:\Giraffe Projects\JobSearchLogger\Eclipse>call .bld.setup.bat 
failed to get console mode for stdout: The handle is invalid.
jsl-contact
failed to get console mode for stdout: The handle is invalid.
Untagged: jsl-contact:latest
Deleted: sha256:512c1a24f775ac0788b32209eb57cd4946ba7a4a2b4c8b4fcd0731b07051f6ac
failed to get console mode for stdout: The handle is invalid.
failed to get console mode for stdout: The handle is invalid.
failed to get console mode for stdout: The handle is invalid.
[1A[1B[0G[?25l[+] Building 0.0s (0/0)  docker:default
[?25h[1A[0G[?25l[+] Building 0.0s (0/1)                                          docker:default
[?25h[1A[0G[?25l[+] Building 0.2s (1/2)                                          docker:default
[36m => [internal] load build definition from Dockerfile                       0.0s
[0m[36m => => transferring dockerfile: 431B                                       0.0s
[0m => [internal] load metadata for docker.io/library/openjdk:17              0.2s
[?25h[1A[1A[1A[1A[0G[?25l[+] Building 0.4s (1/2)                                          docker:default
[36m => [internal] load build definition from Dockerfile                       0.0s
[0m[36m => => transferring dockerfile: 431B                                       0.0s
[0m => [internal] load metadata for docker.io/library/openjdk:17              0.3s
[?25h[1A[1A[1A[1A[0G[?25l[+] Building 0.5s (1/2)                                          docker:default
[36m => [internal] load build definition from Dockerfile                       0.0s
[0m[36m => => transferring dockerfile: 431B                                       0.0s
[0m => [internal] load metadata for docker.io/library/openjdk:17              0.5s
[?25h[1A[1A[1A[1A[0G[?25l[+] Building 0.6s (2/2)                                          docker:default
[36m => [internal] load build definition from Dockerfile                       0.0s
[0m[36m => => transferring dockerfile: 431B                                       0.0s
[0m[36m => [internal] load metadata for docker.io/library/openjdk:17              0.6s
[0m[?25h[1A[1A[1A[1A[0G[?25l[+] Building 0.8s (4/6)                                          docker:default
[36m => [internal] load build definition from Dockerfile                       0.0s
[0m[36m => => transferring dockerfile: 431B                                       0.0s
[0m[36m => [internal] load metadata for docker.io/library/openjdk:17              0.6s
[0m[36m => [internal] load .dockerignore                                          0.0s
[0m[36m => => transferring context: 2B                                            0.0s
[0m => [internal] load build context                                          0.1s
 => => transferring context: 4.79MB                                        0.1s
[36m => [1/2] FROM docker.io/library/openjdk:17@sha256:528707081fdb9562eb8191  0.0s
[0m[?25h[1A[1A[1A[1A[1A[1A[1A[1A[1A[0G[?25l[+] Building 1.0s (4/6)                                          docker:default
[36m => [internal] load build definition from Dockerfile                       0.0s
[0m[36m => => transferring dockerfile: 431B                                       0.0s
[0m[36m => [internal] load metadata for docker.io/library/openjdk:17              0.6s
[0m[36m => [internal] load .dockerignore                                          0.0s
[0m[36m => => transferring context: 2B                                            0.0s
[0m => [internal] load build context                                          0.3s
 => => transferring context: 14.68MB                                       0.3s
[36m => [1/2] FROM docker.io/library/openjdk:17@sha256:528707081fdb9562eb8191  0.0s
[0m[?25h[1A[1A[1A[1A[1A[1A[1A[1A[1A[0G[?25l[+] Building 1.1s (4/6)                                          docker:default
[36m => [internal] load build definition from Dockerfile                       0.0s
[0m[36m => => transferring dockerfile: 431B                                       0.0s
[0m[36m => [internal] load metadata for docker.io/library/openjdk:17              0.6s
[0m[36m => [internal] load .dockerignore                                          0.0s
[0m[36m => => transferring context: 2B                                            0.0s
[0m => [internal] load build context                                          0.4s
 => => transferring context: 19.99MB                                       0.4s
[36m => [1/2] FROM docker.io/library/openjdk:17@sha256:528707081fdb9562eb8191  0.0s
[0m[?25h[1A[1A[1A[1A[1A[1A[1A[1A[1A[0G[?25l[+] Building 1.2s (4/6)                                          docker:default
[36m => [internal] load build definition from Dockerfile                       0.0s
[0m[36m => => transferring dockerfile: 431B                                       0.0s
[0m[36m => [internal] load metadata for docker.io/library/openjdk:17              0.6s
[0m[36m => [internal] load .dockerignore                                          0.0s
[0m[36m => => transferring context: 2B                                            0.0s
[0m => [internal] load build context                                          0.5s
 => => transferring context: 25.20MB                                       0.5s
[36m => [1/2] FROM docker.io/library/openjdk:17@sha256:528707081fdb9562eb8191  0.0s
[0m[?25h[1A[1A[1A[1A[1A[1A[1A[1A[1A[0G[?25l[+] Building 1.4s (4/6)                                          docker:default
[36m => [internal] load build definition from Dockerfile                       0.0s
[0m[36m => => transferring dockerfile: 431B                                       0.0s
[0m[36m => [internal] load metadata for docker.io/library/openjdk:17              0.6s
[0m[36m => [internal] load .dockerignore                                          0.0s
[0m[36m => => transferring context: 2B                                            0.0s
[0m => [internal] load build context                                          0.7s
 => => transferring context: 35.14MB                                       0.7s
[36m => [1/2] FROM docker.io/library/openjdk:17@sha256:528707081fdb9562eb8191  0.0s
[0m[?25h[1A[1A[1A[1A[1A[1A[1A[1A[1A[0G[?25l[+] Building 1.5s (4/6)                                          docker:default
[36m => [internal] load build definition from Dockerfile                       0.0s
[0m[36m => => transferring dockerfile: 431B                                       0.0s
[0m[36m => [internal] load metadata for docker.io/library/openjdk:17              0.6s
[0m[36m => [internal] load .dockerignore                                          0.0s
[0m[36m => => transferring context: 2B                                            0.0s
[0m => [internal] load build context                                          0.8s
 => => transferring context: 40.35MB                                       0.8s
[36m => [1/2] FROM docker.io/library/openjdk:17@sha256:528707081fdb9562eb8191  0.0s
[0m[?25h[1A[1A[1A[1A[1A[1A[1A[1A[1A[0G[?25l[+] Building 1.6s (4/6)                                          docker:default
[36m => [internal] load build definition from Dockerfile                       0.0s
[0m[36m => => transferring dockerfile: 431B                                       0.0s
[0m[36m => [internal] load metadata for docker.io/library/openjdk:17              0.6s
[0m[36m => [internal] load .dockerignore                                          0.0s
[0m[36m => => transferring context: 2B                                            0.0s
[0m => [internal] load build context                                          0.9s
 => => transferring context: 45.59MB                                       0.9s
[36m => [1/2] FROM docker.io/library/openjdk:17@sha256:528707081fdb9562eb8191  0.0s
[0m[?25h[1A[1A[1A[1A[1A[1A[1A[1A[1A[0G[?25l[+] Building 1.7s (4/6)                                          docker:default
[36m => [internal] load build definition from Dockerfile                       0.0s
[0m[36m => => transferring dockerfile: 431B                                       0.0s
[0m[36m => [internal] load metadata for docker.io/library/openjdk:17              0.6s
[0m[36m => [internal] load .dockerignore                                          0.0s
[0m[36m => => transferring context: 2B                                            0.0s
[0m => [internal] load build context                                          1.0s
 => => transferring context: 50.74MB                                       1.0s
[36m => [1/2] FROM docker.io/library/openjdk:17@sha256:528707081fdb9562eb8191  0.0s
[0m[?25h[1A[1A[1A[1A[1A[1A[1A[1A[1A[0G[?25l[+] Building 1.8s (5/6)                                          docker:default
[36m => [internal] load build definition from Dockerfile                       0.0s
[0m[36m => => transferring dockerfile: 431B                                       0.0s
[0m[36m => [internal] load metadata for docker.io/library/openjdk:17              0.6s
[0m[36m => [internal] load .dockerignore                                          0.0s
[0m[36m => => transferring context: 2B                                            0.0s
[0m[36m => [internal] load build context                                          1.1s
[0m[36m => => transferring context: 55.89MB                                       1.1s
[0m[36m => [1/2] FROM docker.io/library/openjdk:17@sha256:528707081fdb9562eb8191  0.0s
[0m[?25h[1A[1A[1A[1A[1A[1A[1A[1A[1A[0G[?25l[+] Building 2.0s (7/7)                                          docker:default
[36m => [internal] load build context                                          1.1s
[0m[36m => => transferring context: 55.89MB                                       1.1s
[0m[36m => [1/2] FROM docker.io/library/openjdk:17@sha256:528707081fdb9562eb8191  0.0s
[0m[36m => CACHED [2/2] ADD jsl-contact/target/jsl-contact-0.0.1-SNAPSHOT.jar ap  0.0s
[0m[36m => exporting to image                                                     0.0s
[0m[36m => => exporting layers                                                    0.0s
[0m[36m => => writing image sha256:512c1a24f775ac0788b32209eb57cd4946ba7a4a2b4c8  0.0s
[0m[36m => => naming to docker.io/library/jsl-contact                             0.0s
[0m[?25h[1A[1A[1A[1A[1A[1A[1A[1A[1A[0G[?25l[+] Building 2.0s (7/7) FINISHED                                 docker:default
[36m => [internal] load build definition from Dockerfile                       0.0s
[0m[36m => => transferring dockerfile: 431B                                       0.0s
[0m[36m => [internal] load metadata for docker.io/library/openjdk:17              0.6s
[0m[36m => [internal] load .dockerignore                                          0.0s
[0m[36m => => transferring context: 2B                                            0.0s
[0m[36m => [internal] load build context                                          1.1s
[0m[36m => => transferring context: 55.89MB                                       1.1s
[0m[36m => [1/2] FROM docker.io/library/openjdk:17@sha256:528707081fdb9562eb8191  0.0s
[0m[36m => CACHED [2/2] ADD jsl-contact/target/jsl-contact-0.0.1-SNAPSHOT.jar ap  0.0s
[0m[36m => exporting to image                                                     0.0s
[0m[36m => => exporting layers                                                    0.0s
[0m[36m => => writing image sha256:512c1a24f775ac0788b32209eb57cd4946ba7a4a2b4c8  0.0s
[0m[36m => => naming to docker.io/library/jsl-contact                             0.0s
[0m[?25hfailed to get console mode for stdout: The handle is invalid.
7525b09106b36b61c338c1d97ab91ce98de5af58aaf12e256bea28406d12c2f8
failed to get console mode for stdout: The handle is invalid.
failed to get console mode for stdout: The handle is invalid.
jsl-position
failed to get console mode for stdout: The handle is invalid.
Untagged: jsl-position:latest
Deleted: sha256:4f4857555a56be99db72efcda60ea6baace6c2e0713b9fb1b696b4a753a1afbc
failed to get console mode for stdout: The handle is invalid.
failed to get console mode for stdout: The handle is invalid.
failed to get console mode for stdout: The handle is invalid.
Terminate batch job (Y/N)? Terminate batch job (Y/N)? Terminate batch job (Y/N)? 
failed to get console mode for stdout: The handle is invalid.
jsl-ui
failed to get console mode for stdout: The handle is invalid.
Untagged: jsl-ui:latest
Deleted: sha256:8f7d3936fe980fb2549f23b5e22e9f6e035c241350cdd5fa9bf44124d8c8d228
Terminate batch job (Y/N)? 